2021-11-13 00:06:28.461  INFO 11962 --- [main] t.e.s.services.TimesheetServiceImplTest  : Starting TimesheetServiceImplTest on Asmas-MacBook-Air.local with PID 11962 (started by asmajridi in /Users/asmajridi/Downloads/old do<nload/TimesheetProject)
2021-11-13 00:06:28.484  INFO 11962 --- [main] t.e.s.services.TimesheetServiceImplTest  : No active profile set, falling back to default profiles: default
2021-11-13 00:06:30.397  INFO 11962 --- [main] .s.d.r.c.RepositoryConfigurationDelegate : Bootstrapping Spring Data repositories in DEFAULT mode.
2021-11-13 00:06:30.693  INFO 11962 --- [main] .s.d.r.c.RepositoryConfigurationDelegate : Finished Spring Data repository scanning in 271ms. Found 6 repository interfaces.
2021-11-13 00:06:31.863  INFO 11962 --- [main] trationDelegate$BeanPostProcessorChecker : Bean 'org.springframework.transaction.annotation.ProxyTransactionManagementConfiguration' of type [org.springframework.transaction.annotation.ProxyTransactionManagementConfiguration$$EnhancerBySpringCGLIB$$26ac36fc] is not eligible for getting processed by all BeanPostProcessors (for example: not eligible for auto-proxying)
2021-11-13 00:06:33.059  INFO 11962 --- [main] com.zaxxer.hikari.HikariDataSource       : HikariPool-1 - Starting...
2021-11-13 00:06:33.649  INFO 11962 --- [main] com.zaxxer.hikari.HikariDataSource       : HikariPool-1 - Start completed.
2021-11-13 00:06:33.861  INFO 11962 --- [main] o.hibernate.jpa.internal.util.LogHelper  : HHH000204: Processing PersistenceUnitInfo [
	name: default
	...]
2021-11-13 00:06:33.985  INFO 11962 --- [main] org.hibernate.Version                    : HHH000412: Hibernate Core {5.3.9.Final}
2021-11-13 00:06:33.988  INFO 11962 --- [main] org.hibernate.cfg.Environment            : HHH000206: hibernate.properties not found
2021-11-13 00:06:34.375  INFO 11962 --- [main] o.hibernate.annotations.common.Version   : HCANN000001: Hibernate Commons Annotations {5.0.4.Final}
2021-11-13 00:06:34.725  INFO 11962 --- [main] org.hibernate.dialect.Dialect            : HHH000400: Using dialect: org.hibernate.dialect.MySQL5Dialect
2021-11-13 00:06:37.054  INFO 11962 --- [main] j.LocalContainerEntityManagerFactoryBean : Initialized JPA EntityManagerFactory for persistence unit 'default'
2021-11-13 00:06:37.979  INFO 11962 --- [main] o.h.h.i.QueryTranslatorFactoryInitiator  : HHH000397: Using ASTQueryTranslatorFactory
2021-11-13 00:06:40.227  INFO 11962 --- [main] o.s.s.concurrent.ThreadPoolTaskExecutor  : Initializing ExecutorService 'applicationTaskExecutor'
2021-11-13 00:06:40.545  WARN 11962 --- [main] aWebConfiguration$JpaWebMvcConfiguration : spring.jpa.open-in-view is enabled by default. Therefore, database queries may be performed during view rendering. Explicitly configure spring.jpa.open-in-view to disable this warning
2021-11-13 00:06:41.520  INFO 11962 --- [main] t.e.s.services.TimesheetServiceImplTest  : Started TimesheetServiceImplTest in 14.1 seconds (JVM running for 16.841)
2021-11-13 00:06:41.795  INFO 11962 --- [main] tn.esprit.spring.config.LoggingAspect    : In method ajouterDepartement : 
2021-11-13 00:06:41.932  INFO 11962 --- [main] tn.esprit.spring.config.LoggingAspect    : Method execution time: 140 milliseconds.
2021-11-13 00:06:41.933  INFO 11962 --- [main] tn.esprit.spring.config.LoggingAspect    : Out of method  :ajouterDepartement
2021-11-13 00:06:41.933  INFO 11962 --- [main] t.e.s.services.TimesheetServiceImplTest  : depatementDepartement GLadded successfully
2021-11-13 00:06:41.933  INFO 11962 --- [main] tn.esprit.spring.config.LoggingAspect    : In method ajouterEmploye : 
2021-11-13 00:06:41.958  INFO 11962 --- [main] tn.esprit.spring.config.LoggingAspect    : Method execution time: 25 milliseconds.
2021-11-13 00:06:41.959  INFO 11962 --- [main] tn.esprit.spring.config.LoggingAspect    : Out of method  :ajouterEmploye
2021-11-13 00:06:41.960  INFO 11962 --- [main] t.e.s.services.TimesheetServiceImplTest  : EmployeJridiadded successfully
2021-11-13 00:06:41.960  INFO 11962 --- [main] tn.esprit.spring.config.LoggingAspect    : In method ajouterMission : 
2021-11-13 00:06:41.978  INFO 11962 --- [main] tn.esprit.spring.config.LoggingAspect    : Method execution time: 18 milliseconds.
2021-11-13 00:06:41.979  INFO 11962 --- [main] tn.esprit.spring.config.LoggingAspect    : Out of method  :ajouterMission
2021-11-13 00:06:41.981  INFO 11962 --- [main] t.e.s.services.TimesheetServiceImplTest  : MissionMission de developpementadded successfully
2021-11-13 00:06:41.982  INFO 11962 --- [main] tn.esprit.spring.config.LoggingAspect    : In method findAllMissionByEmployeJPQL : 
2021-11-13 00:06:42.135  INFO 11962 --- [main] tn.esprit.spring.config.LoggingAspect    : Method execution time: 153 milliseconds.
2021-11-13 00:06:42.137  INFO 11962 --- [main] tn.esprit.spring.config.LoggingAspect    : Out of method  :findAllMissionByEmployeJPQL
2021-11-13 00:06:42.155  INFO 11962 --- [main] t.e.s.services.TimesheetServiceImplTest  : Missions of the employe0
2021-11-13 00:06:42.167  INFO 11962 --- [main] tn.esprit.spring.config.LoggingAspect    : In method ajouterDepartement : 
2021-11-13 00:06:42.173  INFO 11962 --- [main] tn.esprit.spring.config.LoggingAspect    : Method execution time: 6 milliseconds.
2021-11-13 00:06:42.175  INFO 11962 --- [main] tn.esprit.spring.config.LoggingAspect    : Out of method  :ajouterDepartement
2021-11-13 00:06:42.176  INFO 11962 --- [main] t.e.s.services.TimesheetServiceImplTest  : depatementDepartement GLadded successfully
2021-11-13 00:06:42.177  INFO 11962 --- [main] tn.esprit.spring.config.LoggingAspect    : In method ajouterEmploye : 
2021-11-13 00:06:42.187  INFO 11962 --- [main] tn.esprit.spring.config.LoggingAspect    : Method execution time: 10 milliseconds.
2021-11-13 00:06:42.188  INFO 11962 --- [main] tn.esprit.spring.config.LoggingAspect    : Out of method  :ajouterEmploye
2021-11-13 00:06:42.190  INFO 11962 --- [main] t.e.s.services.TimesheetServiceImplTest  : EmployeJridiadded successfully
2021-11-13 00:06:42.190  INFO 11962 --- [main] tn.esprit.spring.config.LoggingAspect    : In method ajouterMission : 
2021-11-13 00:06:42.203  INFO 11962 --- [main] tn.esprit.spring.config.LoggingAspect    : Method execution time: 13 milliseconds.
2021-11-13 00:06:42.204  INFO 11962 --- [main] tn.esprit.spring.config.LoggingAspect    : Out of method  :ajouterMission
2021-11-13 00:06:42.204  INFO 11962 --- [main] t.e.s.services.TimesheetServiceImplTest  : MissionMission de developpementadded successfully
2021-11-13 00:06:42.205  INFO 11962 --- [main] tn.esprit.spring.config.LoggingAspect    : In method getAllEmployeByMission : 
2021-11-13 00:06:42.223  INFO 11962 --- [main] tn.esprit.spring.config.LoggingAspect    : Method execution time: 18 milliseconds.
2021-11-13 00:06:42.224  INFO 11962 --- [main] tn.esprit.spring.config.LoggingAspect    : Out of method  :getAllEmployeByMission
2021-11-13 00:06:42.345  INFO 11962 --- [main] t.e.s.services.TimesheetServiceImplTest  :  Employe List  []
2021-11-13 00:06:42.356  INFO 11962 --- [main] tn.esprit.spring.config.LoggingAspect    : In method ajouterDepartement : 
2021-11-13 00:06:42.362  INFO 11962 --- [main] tn.esprit.spring.config.LoggingAspect    : Method execution time: 6 milliseconds.
2021-11-13 00:06:42.362  INFO 11962 --- [main] tn.esprit.spring.config.LoggingAspect    : Out of method  :ajouterDepartement
2021-11-13 00:06:42.363  INFO 11962 --- [main] t.e.s.services.TimesheetServiceImplTest  : depatementDepartement GLadded successfully
2021-11-13 00:06:42.363  INFO 11962 --- [main] tn.esprit.spring.config.LoggingAspect    : In method ajouterEmploye : 
2021-11-13 00:06:42.369  INFO 11962 --- [main] tn.esprit.spring.config.LoggingAspect    : Method execution time: 6 milliseconds.
2021-11-13 00:06:42.382  INFO 11962 --- [main] tn.esprit.spring.config.LoggingAspect    : Out of method  :ajouterEmploye
2021-11-13 00:06:42.384  INFO 11962 --- [main] t.e.s.services.TimesheetServiceImplTest  : EmployeJridiadded successfully
2021-11-13 00:06:42.384  INFO 11962 --- [main] tn.esprit.spring.config.LoggingAspect    : In method ajouterMission : 
2021-11-13 00:06:42.390  INFO 11962 --- [main] tn.esprit.spring.config.LoggingAspect    : Method execution time: 6 milliseconds.
2021-11-13 00:06:42.392  INFO 11962 --- [main] tn.esprit.spring.config.LoggingAspect    : Out of method  :ajouterMission
2021-11-13 00:06:42.392  INFO 11962 --- [main] t.e.s.services.TimesheetServiceImplTest  : MissionMission de developpementadded successfully
2021-11-13 00:06:42.393  INFO 11962 --- [main] tn.esprit.spring.config.LoggingAspect    : In method ajouterMission : 
2021-11-13 00:06:42.429  INFO 11962 --- [main] tn.esprit.spring.config.LoggingAspect    : Method execution time: 35 milliseconds.
2021-11-13 00:06:42.429  INFO 11962 --- [main] tn.esprit.spring.config.LoggingAspect    : Out of method  :ajouterMission
2021-11-13 00:06:42.430  INFO 11962 --- [main] t.e.s.services.TimesheetServiceImplTest  : Mission, Mission de developpement Mission is successfully added 
2021-11-13 00:06:42.436  INFO 11962 --- [main] tn.esprit.spring.config.LoggingAspect    : In method ajouterDepartement : 
2021-11-13 00:06:42.441  INFO 11962 --- [main] tn.esprit.spring.config.LoggingAspect    : Method execution time: 5 milliseconds.
2021-11-13 00:06:42.441  INFO 11962 --- [main] tn.esprit.spring.config.LoggingAspect    : Out of method  :ajouterDepartement
2021-11-13 00:06:42.441  INFO 11962 --- [main] t.e.s.services.TimesheetServiceImplTest  : depatementDepartement GLadded successfully
2021-11-13 00:06:42.442  INFO 11962 --- [main] tn.esprit.spring.config.LoggingAspect    : In method ajouterEmploye : 
2021-11-13 00:06:42.450  INFO 11962 --- [main] tn.esprit.spring.config.LoggingAspect    : Method execution time: 8 milliseconds.
2021-11-13 00:06:42.452  INFO 11962 --- [main] tn.esprit.spring.config.LoggingAspect    : Out of method  :ajouterEmploye
2021-11-13 00:06:42.461  INFO 11962 --- [main] t.e.s.services.TimesheetServiceImplTest  : EmployeJridiadded successfully
2021-11-13 00:06:42.462  INFO 11962 --- [main] tn.esprit.spring.config.LoggingAspect    : In method ajouterMission : 
2021-11-13 00:06:42.468  INFO 11962 --- [main] tn.esprit.spring.config.LoggingAspect    : Method execution time: 6 milliseconds.
2021-11-13 00:06:42.476  INFO 11962 --- [main] tn.esprit.spring.config.LoggingAspect    : Out of method  :ajouterMission
2021-11-13 00:06:42.485  INFO 11962 --- [main] t.e.s.services.TimesheetServiceImplTest  : MissionMission de developpementadded successfully
2021-11-13 00:06:42.488  INFO 11962 --- [main] tn.esprit.spring.config.LoggingAspect    : In method ajouterTimesheet : 
2021-11-13 00:06:42.510  INFO 11962 --- [main] tn.esprit.spring.config.LoggingAspect    : Method execution time: 22 milliseconds.
2021-11-13 00:06:42.518  INFO 11962 --- [main] tn.esprit.spring.config.LoggingAspect    : Out of method  :ajouterTimesheet
2021-11-13 00:06:42.624  INFO 11962 --- [main] t.e.s.services.TimesheetServiceImplTest  : TimeSheet de mission : 88 de l'employe 88added successfully
2021-11-13 00:06:42.627  INFO 11962 --- [main] tn.esprit.spring.config.LoggingAspect    : In method ajouterDepartement : 
2021-11-13 00:06:42.636  INFO 11962 --- [main] tn.esprit.spring.config.LoggingAspect    : Method execution time: 9 milliseconds.
2021-11-13 00:06:42.636  INFO 11962 --- [main] tn.esprit.spring.config.LoggingAspect    : Out of method  :ajouterDepartement
2021-11-13 00:06:42.637  INFO 11962 --- [main] t.e.s.services.TimesheetServiceImplTest  : depatementDepartement GLadded successfully
2021-11-13 00:06:42.638  INFO 11962 --- [main] tn.esprit.spring.config.LoggingAspect    : In method ajouterEmploye : 
2021-11-13 00:06:42.644  INFO 11962 --- [main] tn.esprit.spring.config.LoggingAspect    : Method execution time: 6 milliseconds.
2021-11-13 00:06:42.678  INFO 11962 --- [main] tn.esprit.spring.config.LoggingAspect    : Out of method  :ajouterEmploye
2021-11-13 00:06:42.678  INFO 11962 --- [main] t.e.s.services.TimesheetServiceImplTest  : EmployeJridiadded successfully
2021-11-13 00:06:42.678  INFO 11962 --- [main] tn.esprit.spring.config.LoggingAspect    : In method ajouterMission : 
2021-11-13 00:06:42.693  INFO 11962 --- [main] tn.esprit.spring.config.LoggingAspect    : Method execution time: 15 milliseconds.
2021-11-13 00:06:42.693  INFO 11962 --- [main] tn.esprit.spring.config.LoggingAspect    : Out of method  :ajouterMission
2021-11-13 00:06:42.693  INFO 11962 --- [main] t.e.s.services.TimesheetServiceImplTest  : MissionMission de developpementadded successfully
2021-11-13 00:06:42.693  INFO 11962 --- [main] tn.esprit.spring.config.LoggingAspect    : In method affecterMissionADepartement : 
2021-11-13 00:06:42.767  INFO 11962 --- [main] tn.esprit.spring.config.LoggingAspect    : Method execution time: 74 milliseconds.
2021-11-13 00:06:42.787  INFO 11962 --- [main] tn.esprit.spring.config.LoggingAspect    : Out of method  :affecterMissionADepartement
2021-11-13 00:06:42.799  INFO 11962 --- [main] t.e.s.services.TimesheetServiceImplTest  : mission89is successfully affected to departement 84
2021-11-13 00:06:42.876  INFO 11962 --- [Thread-1] o.s.s.concurrent.ThreadPoolTaskExecutor  : Shutting down ExecutorService 'applicationTaskExecutor'
2021-11-13 00:06:42.879  INFO 11962 --- [Thread-1] j.LocalContainerEntityManagerFactoryBean : Closing JPA EntityManagerFactory for persistence unit 'default'
2021-11-13 00:06:42.883  INFO 11962 --- [Thread-1] com.zaxxer.hikari.HikariDataSource       : HikariPool-1 - Shutdown initiated...
2021-11-13 00:06:42.893  INFO 11962 --- [Thread-1] com.zaxxer.hikari.HikariDataSource       : HikariPool-1 - Shutdown completed.
